# JRE version: Java(TM) SE Runtime Environment (17.0.12+8) (build 17.0.12+8-LTS-286)
# Java VM: Java HotSpot(TM) 64-Bit Server VM (17.0.12+8-LTS-286, mixed mode, sharing, tiered, compressed oops, compressed class ptrs, g1 gc, windows-amd64)
GC Precious Log:
 CPUs: 8 total, 8 available
 Memory: 6030M
 Large Page Support: Disabled
 NUMA Support: Disabled
 Compressed Oops: Enabled (32-bit)
 Heap Region Size: 1M
 Heap Min Capacity: 8M
 Heap Initial Capacity: 96M
 Heap Max Capacity: 1508M
 Pre-touch: Disabled
 Parallel Workers: 8
 Concurrent Workers: 2
 Concurrent Refinement Workers: 8
 Periodic GC: Disabled
Heap:
 garbage-first heap   total 51200K, used 36484K [0x00000000a1c00000, 0x0000000100000000)
  region size 1024K, 17 young (17408K), 1 survivors (1024K)
 Metaspace       used 45078K, committed 45504K, reserved 1114112K
  class space    used 6094K, committed 6272K, reserved 1048576K
GC Heap History (20 events):
Event: 2.346 GC heap before
{Heap before GC invocations=1 (full 0):
 garbage-first heap   total 98304K, used 32656K [0x00000000a1c00000, 0x0000000100000000)
  region size 1024K, 26 young (26624K), 3 survivors (3072K)
 Metaspace       used 10802K, committed 11008K, reserved 1114112K
  class space    used 1366K, committed 1472K, reserved 1048576K
}
Event: 2.356 GC heap after
{Heap after GC invocations=2 (full 0):
 garbage-first heap   total 98304K, used 10668K [0x00000000a1c00000, 0x0000000100000000)
  region size 1024K, 2 young (2048K), 2 survivors (2048K)
 Metaspace       used 10802K, committed 11008K, reserved 1114112K
  class space    used 1366K, committed 1472K, reserved 1048576K
}
Event: 3.627 GC heap before
{Heap before GC invocations=2 (full 0):
 garbage-first heap   total 98304K, used 47532K [0x00000000a1c00000, 0x0000000100000000)
  region size 1024K, 39 young (39936K), 2 survivors (2048K)
 Metaspace       used 19450K, committed 19776K, reserved 1114112K
  class space    used 2557K, committed 2688K, reserved 1048576K
}
Event: 3.636 GC heap after
{Heap after GC invocations=3 (full 0):
 garbage-first heap   total 98304K, used 12880K [0x00000000a1c00000, 0x0000000100000000)
  region size 1024K, 4 young (4096K), 4 survivors (4096K)
 Metaspace       used 19450K, committed 19776K, reserved 1114112K
  class space    used 2557K, committed 2688K, reserved 1048576K
}
Event: 3.809 GC heap before
{Heap before GC invocations=3 (full 0):
 garbage-first heap   total 98304K, used 20048K [0x00000000a1c00000, 0x0000000100000000)
  region size 1024K, 13 young (13312K), 4 survivors (4096K)
 Metaspace       used 21192K, committed 21504K, reserved 1114112K
  class space    used 2785K, committed 2944K, reserved 1048576K
}
Event: 3.816 GC heap after
{Heap after GC invocations=4 (full 0):
 garbage-first heap   total 98304K, used 13640K [0x00000000a1c00000, 0x0000000100000000)
  region size 1024K, 3 young (3072K), 3 survivors (3072K)
 Metaspace       used 21192K, committed 21504K, reserved 1114112K
  class space    used 2785K, committed 2944K, reserved 1048576K
}
Event: 4.568 GC heap before
{Heap before GC invocations=5 (full 0):
 garbage-first heap   total 51200K, used 40264K [0x00000000a1c00000, 0x0000000100000000)
  region size 1024K, 30 young (30720K), 3 survivors (3072K)
 Metaspace       used 24816K, committed 25216K, reserved 1114112K
  class space    used 3267K, committed 3456K, reserved 1048576K
}
Event: 4.578 GC heap after
{Heap after GC invocations=6 (full 0):
 garbage-first heap   total 51200K, used 16203K [0x00000000a1c00000, 0x0000000100000000)
  region size 1024K, 4 young (4096K), 4 survivors (4096K)
 Metaspace       used 24816K, committed 25216K, reserved 1114112K
  class space    used 3267K, committed 3456K, reserved 1048576K
}
Event: 4.617 GC heap before
{Heap before GC invocations=6 (full 0):
 garbage-first heap   total 51200K, used 17227K [0x00000000a1c00000, 0x0000000100000000)
  region size 1024K, 5 young (5120K), 4 survivors (4096K)
 Metaspace       used 25043K, committed 25408K, reserved 1114112K
  class space    used 3291K, committed 3456K, reserved 1048576K
}
Event: 4.626 GC heap after
{Heap after GC invocations=7 (full 0):
 garbage-first heap   total 51200K, used 16620K [0x00000000a1c00000, 0x0000000100000000)
  region size 1024K, 1 young (1024K), 1 survivors (1024K)
 Metaspace       used 25043K, committed 25408K, reserved 1114112K
  class space    used 3291K, committed 3456K, reserved 1048576K
}
Event: 5.399 GC heap before
{Heap before GC invocations=7 (full 0):
 garbage-first heap   total 51200K, used 36076K [0x00000000a1c00000, 0x0000000100000000)
  region size 1024K, 20 young (20480K), 1 survivors (1024K)
 Metaspace       used 27592K, committed 28032K, reserved 1114112K
  class space    used 3638K, committed 3840K, reserved 1048576K
}
Event: 5.406 GC heap after
{Heap after GC invocations=8 (full 0):
 garbage-first heap   total 51200K, used 17613K [0x00000000a1c00000, 0x0000000100000000)
  region size 1024K, 2 young (2048K), 2 survivors (2048K)
 Metaspace       used 27592K, committed 28032K, reserved 1114112K
  class space    used 3638K, committed 3840K, reserved 1048576K
}
Event: 6.257 GC heap before
{Heap before GC invocations=8 (full 0):
 garbage-first heap   total 51200K, used 37069K [0x00000000a1c00000, 0x0000000100000000)
  region size 1024K, 21 young (21504K), 2 survivors (2048K)
 Metaspace       used 31772K, committed 32192K, reserved 1114112K
  class space    used 4247K, committed 4480K, reserved 1048576K
}
Event: 6.264 GC heap after
{Heap after GC invocations=9 (full 0):
 garbage-first heap   total 51200K, used 19182K [0x00000000a1c00000, 0x0000000100000000)
  region size 1024K, 3 young (3072K), 3 survivors (3072K)
 Metaspace       used 31772K, committed 32192K, reserved 1114112K
  class space    used 4247K, committed 4480K, reserved 1048576K
}
Event: 6.952 GC heap before
{Heap before GC invocations=9 (full 0):
 garbage-first heap   total 51200K, used 37614K [0x00000000a1c00000, 0x0000000100000000)
  region size 1024K, 22 young (22528K), 3 survivors (3072K)
 Metaspace       used 35733K, committed 36096K, reserved 1114112K
  class space    used 4919K, committed 5120K, reserved 1048576K
}
Event: 6.964 GC heap after
{Heap after GC invocations=10 (full 0):
 garbage-first heap   total 51200K, used 20126K [0x00000000a1c00000, 0x0000000100000000)
  region size 1024K, 1 young (1024K), 1 survivors (1024K)
 Metaspace       used 35733K, committed 36096K, reserved 1114112K
  class space    used 4919K, committed 5120K, reserved 1048576K
}
Event: 7.883 GC heap before
{Heap before GC invocations=11 (full 0):
 garbage-first heap   total 51200K, used 39582K [0x00000000a1c00000, 0x0000000100000000)
  region size 1024K, 20 young (20480K), 1 survivors (1024K)
 Metaspace       used 41453K, committed 41920K, reserved 1114112K
  class space    used 5666K, committed 5888K, reserved 1048576K
}
Event: 7.889 GC heap after
{Heap after GC invocations=12 (full 0):
 garbage-first heap   total 51200K, used 21150K [0x00000000a1c00000, 0x0000000100000000)
  region size 1024K, 2 young (2048K), 2 survivors (2048K)
 Metaspace       used 41453K, committed 41920K, reserved 1114112K
  class space    used 5666K, committed 5888K, reserved 1048576K
}
Event: 7.916 GC heap before
{Heap before GC invocations=12 (full 0):
 garbage-first heap   total 51200K, used 22174K [0x00000000a1c00000, 0x0000000100000000)
  region size 1024K, 3 young (3072K), 2 survivors (2048K)
 Metaspace       used 41643K, committed 42112K, reserved 1114112K
  class space    used 5681K, committed 5888K, reserved 1048576K
}
Event: 7.924 GC heap after
{Heap after GC invocations=13 (full 0):
 garbage-first heap   total 51200K, used 21124K [0x00000000a1c00000, 0x0000000100000000)
  region size 1024K, 1 young (1024K), 1 survivors (1024K)
 Metaspace       used 41643K, committed 42112K, reserved 1114112K
  class space    used 5681K, committed 5888K, reserved 1048576K
}

